code_TD,iso3,fe,distw,contig,comlang_off,control_of_corruption,gdp,rule_of_law,exp_cost,inputs_rounded,firm_count_rounded
"1000","USA",0,1.853802,0,0,1.2923656,1.45e+13,1.6012878,960,391301,250300
"1220","CAN",-4.777016,2.079297,1,1,1.9878259,1.42e+12,1.7914835,1435,14574,37800
"2010","MEX",-4.746775,2.468405,1,0,-.25366593,1.04e+12,-.53131025,1302,12598,7800
"2050","GTM",-5.610203,2.999736,0,0,-.67652702,3.41e+10,-1.1596801,1052,93,300
"2110","SLV",-6.241248,3.10668,0,0,-.29360565,2.01e+10,-.64662707,540,137,200
"2150","HND",-6.245731,3.0029,0,0,-.69694016,1.23e+10,-.92790721,1065,250,400
"2230","CRI",-6.502254,3.556189,0,0,.39730784,2.63e+10,.32170799,1065,241,600
"2250","PAN",-8.050913,3.774604,0,0,-.35405472,1.98e+10,-.20655029,450,8,200
"2470","DOM",-6.506161,3.310567,0,0,-.68344549,4.13e+10,-.58174069,815,242,700
"2740","TTO",-8.114744,4.540549,0,1,-.24615197,2.17e+10,-.22699864,693,94,200
"3010","COL",-6.751106,4.251359,0,0,-.18594772,2.08e+11,-.47544866,1540,121,700
"3070","VEN",-7.168898,4.204499,0,0,-1.0257162,2.30e+11,-1.5261643,2400,241,300
"3310","ECU",-7.477465,4.833328,0,0,-.86221202,5.10e+10,-1.0758003,1200,46,300
"3330","PER",-5.7963,5.913182,0,0,-.25701009,1.07e+11,-.80209035,575,139,500
"3370","CHL",-6.455458,8.338667,0,0,1.336148,1.73e+11,1.2459718,645,320,700
"3510","BRA",-5.614316,8.088514,0,0,-.11448471,1.37e+12,-.43779552,825,1054,2800
"3570","ARG",-6.441556,8.678352,0,0,-.39404347,2.61e+11,-.59779858,1325,131,1000
"4010","SWE",-6.405707,7.440511,0,0,2.2495312,4.63e+11,1.8942158,581,892,2900
"4039","NOR",-6.675338,7.056674,0,0,1.9549097,3.93e+11,1.9429721,668,210,900
"4050","FIN",-6.676168,7.66773,0,0,2.4917436,2.46e+11,1.9062162,470,290,1300
"4099","DNK",-6.71926,7.410588,0,0,2.5146909,3.11e+11,2.0141958,653,429,2100
"4120","GBR",-5.483855,6.878493,0,1,1.7245867,2.86e+12,1.6956762,990,3075,11500
"4190","IRL",-6.615845,6.515071,0,1,1.7480976,2.60e+11,1.7747003,1090,2665,1400
"4210","NLD",-6.127269,7.281814,0,0,2.2185375,7.83e+11,1.77681,910,997,3900
"4231","BEL",-6.331464,7.302655,0,0,1.296316,4.60e+11,1.3087555,1221,691,2800
"4239","LUX",-8.218557,7.478872,0,0,2.0159412,5.13e+10,1.7621964,1250,39,200
"4279","FRA",-5.676527,7.456767,0,0,1.4433464,2.58e+12,1.411364,1235,2298,6100
"4280","DEU",-5.072892,7.595452,0,0,1.7047398,3.32e+12,1.7249017,770,6293,13000
"4330","AUT",-6.430734,8.124255,0,0,2.1064343,3.75e+11,1.9743431,898,423,2300
"4351","CZE",-6.591296,8.008006,0,0,.22739799,1.81e+11,.86313013,835,152,1400
"4359","SVK",-7.4468,8.2896,0,0,.29720262,8.41e+10,.44858176,1015,33,400
"4370","HUN",-6.858717,8.395564,0,0,.550866,1.36e+11,.8668602,975,156,900
"4419","CHE",-6.051353,7.73457,0,0,2.1868067,4.51e+11,1.8493117,1238,767,4200
"4550","POL",-6.598753,8.085486,0,0,.18503202,4.25e+11,.38037926,834,130,1200
"4621","RUS",-5.863821,8.915321,0,0,-.95457806,1.30e+12,-.98690458,1600,389,600
"4623","UKR",-6.907745,8.995575,0,0,-.746475,1.43e+11,-.79563987,1375,64,200
"4700","ESP",-6.203106,7.437157,0,0,1.0013529,1.44e+12,1.0991525,1050,490,3200
"4710","PRT",-6.426685,7.004538,0,0,.95959047,2.32e+11,1.0097736,625,91,800
"4759","ITA",-5.269998,8.284006,0,0,.21702081,2.13e+12,.37234689,1267,1323,8500
"4792","SVN",-6.711768,8.220779,0,0,.97602404,4.73e+10,.87539871,971,15,400
"4840","GRC",-6.9787,9.319274,0,0,.26148147,3.05e+11,.8019129,923,34,400
"4850","ROU",-6.570085,8.877592,0,0,-.17012609,1.69e+11,-.11428508,1075,51,400
"4870","BGR",-7.22037,9.060348,0,0,-.23630183,4.21e+10,-.14198652,1304,12,300
"4890","TUR",-6.030094,9.705772,0,0,.07925788,6.47e+11,.00471048,865,138,1300
"5081","ISR",-5.834711,10.51626,0,1,.80656041,1.67e+11,.87217261,560,559,2200
"5170","SAU",-8.129072,11.71597,0,0,-.19081119,4.16e+11,.1696304,894,236,200
"5200","ARE",-7.143189,12.19615,0,0,1.0671441,2.58e+11,.29978674,462,19,500
"5330","IND",-5.159545,13.13191,0,1,-.41724675,1.24e+12,.10238797,820,616,5000
"5350","PAK",-5.067824,12.26736,0,1,-.74867619,1.52e+11,-.90053742,515,81,700
"5380","BGD",-5.985316,13.03601,0,0,-1.0415409,6.84e+10,-.83367696,844,65,200
"5420","LKA",-5.929239,14.725,0,0,-.09949569,3.24e+10,.12532374,535,57,300
"5490","THA",-5.368232,13.93619,0,0,-.37658728,2.47e+11,-.06826996,615,1312,2700
"5520","VNM",-5.020302,13.71575,0,0,-.56909173,7.74e+10,-.44605956,468,375,1100
"5570","MYS",-5.773704,14.85951,0,0,.28251481,1.94e+11,.51959017,432,2324,2600
"5590","SGP",-6.159135,15.12262,0,1,2.253925,1.69e+11,1.6751913,416,1627,2400
"5600","IDN",-5.505525,15.53587,0,0,-.57029793,4.32e+11,-.65307929,607,627,1500
"5650","PHL",-5.671504,13.15398,0,1,-.69501761,1.49e+11,-.51390777,755,603,1500
"5660","MAC",-6.323491,12.97625,0,0,.48208913,1.81e+10,.35129912,525,27,300
"5700","CHN",-3.779076,11.18343,0,0,-.59410119,3.49e+12,-.4667617,390,12199,21500
"5800","KOR",-5.133563,10.68286,0,0,.54096564,1.05e+12,1.0082989,745,2039,5600
"5820","HKG",-5.668907,12.63547,0,1,1.9318822,2.12e+11,1.5757381,525,191,4700
"5830","TWN",-4.648661,12.15588,0,0,.5181225,,.76153598,747,1663,10500
"5880","JPN",-5.071345,10.28619,0,0,1.2141272,4.36e+12,1.3363878,859,11225,8000
"6021","AUS",-6.425561,14.80203,0,1,2.0471727,8.54e+11,1.7475976,930,375,2900
"6141","NZL",-6.855298,12.7658,0,1,2.3460974,1.35e+11,1.8440705,725,75,1200
"7290","EGY",-6.817008,10.45659,0,0,-.67925523,1.30e+11,-.19841346,714,39,300
"7910","ZAF",-6.546885,14.41861,0,1,.22232678,2.86e+11,.13531842,1087,567,1100
